CRITICAL - 2024-07-03 06:33:36 --> CodeIgniter\View\Exceptions\ViewException: Invalid file: "rating.php"
[Method: GET, Route: b]
in SYSTEMPATH\Exceptions\FrameworkException.php on line 41.
 1 SYSTEMPATH\View\View.php(222): CodeIgniter\Exceptions\FrameworkException::forInvalidFile('rating.php')
 2 SYSTEMPATH\Common.php(1171): CodeIgniter\View\View->render('rating', [], true)
 3 APPPATH\Controllers\Rating.php(9): view('rating')
 4 SYSTEMPATH\CodeIgniter.php(933): App\Controllers\Rating->bintang()
 5 SYSTEMPATH\CodeIgniter.php(509): CodeIgniter\CodeIgniter->runController(Object(App\Controllers\Rating))
 6 SYSTEMPATH\CodeIgniter.php(355): CodeIgniter\CodeIgniter->handleRequest(null, Object(Config\Cache), false)
 7 SYSTEMPATH\Boot.php(325): CodeIgniter\CodeIgniter->run()
 8 SYSTEMPATH\Boot.php(67): CodeIgniter\Boot::runCodeIgniter(Object(CodeIgniter\CodeIgniter))
 9 FCPATH\index.php(56): CodeIgniter\Boot::bootWeb(Object(Config\Paths))
10 SYSTEMPATH\rewrite.php(44): require_once('C:\\xampp\\htdocs\\hotelpenillaian\\public\\index.php')
CRITICAL - 2024-07-03 06:34:03 --> CodeIgniter\View\Exceptions\ViewException: Invalid file: "rating.php"
[Method: GET, Route: b]
in SYSTEMPATH\Exceptions\FrameworkException.php on line 41.
 1 SYSTEMPATH\View\View.php(222): CodeIgniter\Exceptions\FrameworkException::forInvalidFile('rating.php')
 2 SYSTEMPATH\Common.php(1171): CodeIgniter\View\View->render('rating', [], true)
 3 APPPATH\Controllers\Rating.php(9): view('rating')
 4 SYSTEMPATH\CodeIgniter.php(933): App\Controllers\Rating->bintang()
 5 SYSTEMPATH\CodeIgniter.php(509): CodeIgniter\CodeIgniter->runController(Object(App\Controllers\Rating))
 6 SYSTEMPATH\CodeIgniter.php(355): CodeIgniter\CodeIgniter->handleRequest(null, Object(Config\Cache), false)
 7 SYSTEMPATH\Boot.php(325): CodeIgniter\CodeIgniter->run()
 8 SYSTEMPATH\Boot.php(67): CodeIgniter\Boot::runCodeIgniter(Object(CodeIgniter\CodeIgniter))
 9 FCPATH\index.php(56): CodeIgniter\Boot::bootWeb(Object(Config\Paths))
10 SYSTEMPATH\rewrite.php(44): require_once('C:\\xampp\\htdocs\\hotelpenillaian\\public\\index.php')
CRITICAL - 2024-07-03 06:34:36 --> CodeIgniter\View\Exceptions\ViewException: Invalid file: "pages/rating.php"
[Method: GET, Route: b]
in SYSTEMPATH\Exceptions\FrameworkException.php on line 41.
 1 SYSTEMPATH\View\View.php(222): CodeIgniter\Exceptions\FrameworkException::forInvalidFile('pages/rating.php')
 2 SYSTEMPATH\Common.php(1171): CodeIgniter\View\View->render('pages/rating', [], true)
 3 APPPATH\Controllers\Rating.php(9): view('pages/rating')
 4 SYSTEMPATH\CodeIgniter.php(933): App\Controllers\Rating->bintang()
 5 SYSTEMPATH\CodeIgniter.php(509): CodeIgniter\CodeIgniter->runController(Object(App\Controllers\Rating))
 6 SYSTEMPATH\CodeIgniter.php(355): CodeIgniter\CodeIgniter->handleRequest(null, Object(Config\Cache), false)
 7 SYSTEMPATH\Boot.php(325): CodeIgniter\CodeIgniter->run()
 8 SYSTEMPATH\Boot.php(67): CodeIgniter\Boot::runCodeIgniter(Object(CodeIgniter\CodeIgniter))
 9 FCPATH\index.php(56): CodeIgniter\Boot::bootWeb(Object(Config\Paths))
10 SYSTEMPATH\rewrite.php(44): require_once('C:\\xampp\\htdocs\\hotelpenillaian\\public\\index.php')
CRITICAL - 2024-07-03 06:34:40 --> CodeIgniter\View\Exceptions\ViewException: Invalid file: "pages/rating.php"
[Method: GET, Route: b]
in SYSTEMPATH\Exceptions\FrameworkException.php on line 41.
 1 SYSTEMPATH\View\View.php(222): CodeIgniter\Exceptions\FrameworkException::forInvalidFile('pages/rating.php')
 2 SYSTEMPATH\Common.php(1171): CodeIgniter\View\View->render('pages/rating', [], true)
 3 APPPATH\Controllers\Rating.php(9): view('pages/rating')
 4 SYSTEMPATH\CodeIgniter.php(933): App\Controllers\Rating->bintang()
 5 SYSTEMPATH\CodeIgniter.php(509): CodeIgniter\CodeIgniter->runController(Object(App\Controllers\Rating))
 6 SYSTEMPATH\CodeIgniter.php(355): CodeIgniter\CodeIgniter->handleRequest(null, Object(Config\Cache), false)
 7 SYSTEMPATH\Boot.php(325): CodeIgniter\CodeIgniter->run()
 8 SYSTEMPATH\Boot.php(67): CodeIgniter\Boot::runCodeIgniter(Object(CodeIgniter\CodeIgniter))
 9 FCPATH\index.php(56): CodeIgniter\Boot::bootWeb(Object(Config\Paths))
10 SYSTEMPATH\rewrite.php(44): require_once('C:\\xampp\\htdocs\\hotelpenillaian\\public\\index.php')
